The system is: Linux - 2.6.28-15-generic - i686
Compiling the C compiler identification source file "CMakeCCompilerId.c" succeeded.
Compiler: /usr/bin/gcc 
Build flags: 
Id flags: 

The output was:
0


Compilation of the C compiler identification source "CMakeCCompilerId.c" produced "a.out"

The C compiler identification is GNU, found in "/home/sacha/programmation/gluon/examples/kcl/tutorial2/build/CMakeFiles/CompilerIdC/a.out"

Compiling the CXX compiler identification source file "CMakeCXXCompilerId.cpp" succeeded.
Compiler: /usr/bin/c++ 
Build flags: 
Id flags: 

The output was:
0
CMakeCXXCompilerId.cpp:67: attention : deprecated conversion from string constant to ‘char*’
CMakeCXXCompilerId.cpp:151: attention : deprecated conversion from string constant to ‘char*’


Compilation of the CXX compiler identification source "CMakeCXXCompilerId.cpp" produced "a.out"

The CXX compiler identification is GNU, found in "/home/sacha/programmation/gluon/examples/kcl/tutorial2/build/CMakeFiles/CompilerIdCXX/a.out"

Determining if the C compiler works passed with the following output:
Change Dir: /home/sacha/programmation/gluon/examples/kcl/tutorial2/build/CMakeFiles/CMakeTmp

Run Build Command:/usr/bin/make "cmTryCompileExec/fast"
/usr/bin/make -f CMakeFiles/cmTryCompileExec.dir/build.make CMakeFiles/cmTryCompileExec.dir/build
make[1]: entrant dans le répertoire « /home/sacha/programmation/gluon/examples/kcl/tutorial2/build/CMakeFiles/CMakeTmp »
/usr/bin/cmake -E cmake_progress_report /home/sacha/programmation/gluon/examples/kcl/tutorial2/build/CMakeFiles/CMakeTmp/CMakeFiles 1
Building C object CMakeFiles/cmTryCompileExec.dir/testCCompiler.c.o
/usr/bin/gcc    -o CMakeFiles/cmTryCompileExec.dir/testCCompiler.c.o   -c /home/sacha/programmation/gluon/examples/kcl/tutorial2/build/CMakeFiles/CMakeTmp/testCCompiler.c
Linking C executable cmTryCompileExec
/usr/bin/cmake -E cmake_link_script CMakeFiles/cmTryCompileExec.dir/link.txt --verbose=1
/usr/bin/gcc        CMakeFiles/cmTryCompileExec.dir/testCCompiler.c.o  -o cmTryCompileExec -rdynamic 
make[1]: quittant le répertoire « /home/sacha/programmation/gluon/examples/kcl/tutorial2/build/CMakeFiles/CMakeTmp »


Detecting C compiler ABI info compiled with the following output:
Change Dir: /home/sacha/programmation/gluon/examples/kcl/tutorial2/build/CMakeFiles/CMakeTmp

Run Build Command:/usr/bin/make "cmTryCompileExec/fast"
/usr/bin/make -f CMakeFiles/cmTryCompileExec.dir/build.make CMakeFiles/cmTryCompileExec.dir/build
make[1]: entrant dans le répertoire « /home/sacha/programmation/gluon/examples/kcl/tutorial2/build/CMakeFiles/CMakeTmp »
/usr/bin/cmake -E cmake_progress_report /home/sacha/programmation/gluon/examples/kcl/tutorial2/build/CMakeFiles/CMakeTmp/CMakeFiles 1
Building C object CMakeFiles/cmTryCompileExec.dir/CMakeCCompilerABI.c.o
/usr/bin/gcc    -o CMakeFiles/cmTryCompileExec.dir/CMakeCCompilerABI.c.o   -c /usr/share/cmake-2.6/Modules/CMakeCCompilerABI.c
Linking C executable cmTryCompileExec
/usr/bin/cmake -E cmake_link_script CMakeFiles/cmTryCompileExec.dir/link.txt --verbose=1
/usr/bin/gcc        CMakeFiles/cmTryCompileExec.dir/CMakeCCompilerABI.c.o  -o cmTryCompileExec -rdynamic 
make[1]: quittant le répertoire « /home/sacha/programmation/gluon/examples/kcl/tutorial2/build/CMakeFiles/CMakeTmp »


Determining if the CXX compiler works passed with the following output:
Change Dir: /home/sacha/programmation/gluon/examples/kcl/tutorial2/build/CMakeFiles/CMakeTmp

Run Build Command:/usr/bin/make "cmTryCompileExec/fast"
/usr/bin/make -f CMakeFiles/cmTryCompileExec.dir/build.make CMakeFiles/cmTryCompileExec.dir/build
make[1]: entrant dans le répertoire « /home/sacha/programmation/gluon/examples/kcl/tutorial2/build/CMakeFiles/CMakeTmp »
/usr/bin/cmake -E cmake_progress_report /home/sacha/programmation/gluon/examples/kcl/tutorial2/build/CMakeFiles/CMakeTmp/CMakeFiles 1
Building CXX object CMakeFiles/cmTryCompileExec.dir/testCXXCompiler.cxx.o
/usr/bin/c++     -o CMakeFiles/cmTryCompileExec.dir/testCXXCompiler.cxx.o -c /home/sacha/programmation/gluon/examples/kcl/tutorial2/build/CMakeFiles/CMakeTmp/testCXXCompiler.cxx
Linking CXX executable cmTryCompileExec
/usr/bin/cmake -E cmake_link_script CMakeFiles/cmTryCompileExec.dir/link.txt --verbose=1
/usr/bin/c++         CMakeFiles/cmTryCompileExec.dir/testCXXCompiler.cxx.o  -o cmTryCompileExec -rdynamic 
make[1]: quittant le répertoire « /home/sacha/programmation/gluon/examples/kcl/tutorial2/build/CMakeFiles/CMakeTmp »


Detecting CXX compiler ABI info compiled with the following output:
Change Dir: /home/sacha/programmation/gluon/examples/kcl/tutorial2/build/CMakeFiles/CMakeTmp

Run Build Command:/usr/bin/make "cmTryCompileExec/fast"
/usr/bin/make -f CMakeFiles/cmTryCompileExec.dir/build.make CMakeFiles/cmTryCompileExec.dir/build
make[1]: entrant dans le répertoire « /home/sacha/programmation/gluon/examples/kcl/tutorial2/build/CMakeFiles/CMakeTmp »
/usr/bin/cmake -E cmake_progress_report /home/sacha/programmation/gluon/examples/kcl/tutorial2/build/CMakeFiles/CMakeTmp/CMakeFiles 1
Building CXX object CMakeFiles/cmTryCompileExec.dir/CMakeCXXCompilerABI.cpp.o
/usr/bin/c++     -o CMakeFiles/cmTryCompileExec.dir/CMakeCXXCompilerABI.cpp.o -c /usr/share/cmake-2.6/Modules/CMakeCXXCompilerABI.cpp
Linking CXX executable cmTryCompileExec
/usr/bin/cmake -E cmake_link_script CMakeFiles/cmTryCompileExec.dir/link.txt --verbose=1
/usr/bin/c++         CMakeFiles/cmTryCompileExec.dir/CMakeCXXCompilerABI.cpp.o  -o cmTryCompileExec -rdynamic 
make[1]: quittant le répertoire « /home/sacha/programmation/gluon/examples/kcl/tutorial2/build/CMakeFiles/CMakeTmp »


Determining if the Q_WS_X11 exist passed with the following output:
Change Dir: /home/sacha/programmation/gluon/examples/kcl/tutorial2/build/CMakeFiles/CMakeTmp

Run Build Command:/usr/bin/make "cmTryCompileExec/fast"
/usr/bin/make -f CMakeFiles/cmTryCompileExec.dir/build.make CMakeFiles/cmTryCompileExec.dir/build
make[1]: entrant dans le répertoire « /home/sacha/programmation/gluon/examples/kcl/tutorial2/build/CMakeFiles/CMakeTmp »
/usr/bin/cmake -E cmake_progress_report /home/sacha/programmation/gluon/examples/kcl/tutorial2/build/CMakeFiles/CMakeTmp/CMakeFiles 1
Building C object CMakeFiles/cmTryCompileExec.dir/CheckSymbolExists.c.o
/usr/bin/gcc   -I/usr/include/qt4   -o CMakeFiles/cmTryCompileExec.dir/CheckSymbolExists.c.o   -c /home/sacha/programmation/gluon/examples/kcl/tutorial2/build/CMakeFiles/CMakeTmp/CheckSymbolExists.c
Linking C executable cmTryCompileExec
/usr/bin/cmake -E cmake_link_script CMakeFiles/cmTryCompileExec.dir/link.txt --verbose=1
/usr/bin/gcc        CMakeFiles/cmTryCompileExec.dir/CheckSymbolExists.c.o  -o cmTryCompileExec -rdynamic 
make[1]: quittant le répertoire « /home/sacha/programmation/gluon/examples/kcl/tutorial2/build/CMakeFiles/CMakeTmp »

File /home/sacha/programmation/gluon/examples/kcl/tutorial2/build/CMakeFiles/CMakeTmp/CheckSymbolExists.c:
/* */
#include <QtCore/qglobal.h>

void cmakeRequireSymbol(int dummy,...){(void)dummy;}
int main()
{
#ifndef Q_WS_X11
  cmakeRequireSymbol(0,&Q_WS_X11);
#endif
  return 0;
}

Determining if the function XOpenDisplay exists in the /usr/lib/libX11.so;/usr/lib/libXext.so;/usr/lib/libXft.so;/usr/lib/libXau.so;/usr/lib/libXdmcp.so;/usr/lib/libXpm.so passed with the following output:
Change Dir: /home/sacha/programmation/gluon/examples/kcl/tutorial2/build/CMakeFiles/CMakeTmp

Run Build Command:/usr/bin/make "cmTryCompileExec/fast"
/usr/bin/make -f CMakeFiles/cmTryCompileExec.dir/build.make CMakeFiles/cmTryCompileExec.dir/build
make[1]: entrant dans le répertoire « /home/sacha/programmation/gluon/examples/kcl/tutorial2/build/CMakeFiles/CMakeTmp »
/usr/bin/cmake -E cmake_progress_report /home/sacha/programmation/gluon/examples/kcl/tutorial2/build/CMakeFiles/CMakeTmp/CMakeFiles 1
Building C object CMakeFiles/cmTryCompileExec.dir/CheckFunctionExists.c.o
/usr/bin/gcc   -DCHECK_FUNCTION_EXISTS=XOpenDisplay   -o CMakeFiles/cmTryCompileExec.dir/CheckFunctionExists.c.o   -c /usr/share/cmake-2.6/Modules/CheckFunctionExists.c
Linking C executable cmTryCompileExec
/usr/bin/cmake -E cmake_link_script CMakeFiles/cmTryCompileExec.dir/link.txt --verbose=1
/usr/bin/gcc     -DCHECK_FUNCTION_EXISTS=XOpenDisplay   CMakeFiles/cmTryCompileExec.dir/CheckFunctionExists.c.o  -o cmTryCompileExec -rdynamic -lX11 -lXext -lXft -lXau -lXdmcp -lXpm 
make[1]: quittant le répertoire « /home/sacha/programmation/gluon/examples/kcl/tutorial2/build/CMakeFiles/CMakeTmp »


Determining if the function gethostbyname exists passed with the following output:
Change Dir: /home/sacha/programmation/gluon/examples/kcl/tutorial2/build/CMakeFiles/CMakeTmp

Run Build Command:/usr/bin/make "cmTryCompileExec/fast"
/usr/bin/make -f CMakeFiles/cmTryCompileExec.dir/build.make CMakeFiles/cmTryCompileExec.dir/build
make[1]: entrant dans le répertoire « /home/sacha/programmation/gluon/examples/kcl/tutorial2/build/CMakeFiles/CMakeTmp »
/usr/bin/cmake -E cmake_progress_report /home/sacha/programmation/gluon/examples/kcl/tutorial2/build/CMakeFiles/CMakeTmp/CMakeFiles 1
Building C object CMakeFiles/cmTryCompileExec.dir/CheckFunctionExists.c.o
/usr/bin/gcc   -DCHECK_FUNCTION_EXISTS=gethostbyname   -o CMakeFiles/cmTryCompileExec.dir/CheckFunctionExists.c.o   -c /usr/share/cmake-2.6/Modules/CheckFunctionExists.c
Linking C executable cmTryCompileExec
/usr/bin/cmake -E cmake_link_script CMakeFiles/cmTryCompileExec.dir/link.txt --verbose=1
/usr/bin/gcc     -DCHECK_FUNCTION_EXISTS=gethostbyname   CMakeFiles/cmTryCompileExec.dir/CheckFunctionExists.c.o  -o cmTryCompileExec -rdynamic 
make[1]: quittant le répertoire « /home/sacha/programmation/gluon/examples/kcl/tutorial2/build/CMakeFiles/CMakeTmp »


Determining if the function connect exists passed with the following output:
Change Dir: /home/sacha/programmation/gluon/examples/kcl/tutorial2/build/CMakeFiles/CMakeTmp

Run Build Command:/usr/bin/make "cmTryCompileExec/fast"
/usr/bin/make -f CMakeFiles/cmTryCompileExec.dir/build.make CMakeFiles/cmTryCompileExec.dir/build
make[1]: entrant dans le répertoire « /home/sacha/programmation/gluon/examples/kcl/tutorial2/build/CMakeFiles/CMakeTmp »
/usr/bin/cmake -E cmake_progress_report /home/sacha/programmation/gluon/examples/kcl/tutorial2/build/CMakeFiles/CMakeTmp/CMakeFiles 1
Building C object CMakeFiles/cmTryCompileExec.dir/CheckFunctionExists.c.o
/usr/bin/gcc   -DCHECK_FUNCTION_EXISTS=connect   -o CMakeFiles/cmTryCompileExec.dir/CheckFunctionExists.c.o   -c /usr/share/cmake-2.6/Modules/CheckFunctionExists.c
Linking C executable cmTryCompileExec
/usr/bin/cmake -E cmake_link_script CMakeFiles/cmTryCompileExec.dir/link.txt --verbose=1
/usr/bin/gcc     -DCHECK_FUNCTION_EXISTS=connect   CMakeFiles/cmTryCompileExec.dir/CheckFunctionExists.c.o  -o cmTryCompileExec -rdynamic 
make[1]: quittant le répertoire « /home/sacha/programmation/gluon/examples/kcl/tutorial2/build/CMakeFiles/CMakeTmp »


Determining if the function remove exists passed with the following output:
Change Dir: /home/sacha/programmation/gluon/examples/kcl/tutorial2/build/CMakeFiles/CMakeTmp

Run Build Command:/usr/bin/make "cmTryCompileExec/fast"
/usr/bin/make -f CMakeFiles/cmTryCompileExec.dir/build.make CMakeFiles/cmTryCompileExec.dir/build
make[1]: entrant dans le répertoire « /home/sacha/programmation/gluon/examples/kcl/tutorial2/build/CMakeFiles/CMakeTmp »
/usr/bin/cmake -E cmake_progress_report /home/sacha/programmation/gluon/examples/kcl/tutorial2/build/CMakeFiles/CMakeTmp/CMakeFiles 1
Building C object CMakeFiles/cmTryCompileExec.dir/CheckFunctionExists.c.o
/usr/bin/gcc   -DCHECK_FUNCTION_EXISTS=remove   -o CMakeFiles/cmTryCompileExec.dir/CheckFunctionExists.c.o   -c /usr/share/cmake-2.6/Modules/CheckFunctionExists.c
Linking C executable cmTryCompileExec
/usr/bin/cmake -E cmake_link_script CMakeFiles/cmTryCompileExec.dir/link.txt --verbose=1
/usr/bin/gcc     -DCHECK_FUNCTION_EXISTS=remove   CMakeFiles/cmTryCompileExec.dir/CheckFunctionExists.c.o  -o cmTryCompileExec -rdynamic 
make[1]: quittant le répertoire « /home/sacha/programmation/gluon/examples/kcl/tutorial2/build/CMakeFiles/CMakeTmp »


Determining if the function shmat exists passed with the following output:
Change Dir: /home/sacha/programmation/gluon/examples/kcl/tutorial2/build/CMakeFiles/CMakeTmp

Run Build Command:/usr/bin/make "cmTryCompileExec/fast"
/usr/bin/make -f CMakeFiles/cmTryCompileExec.dir/build.make CMakeFiles/cmTryCompileExec.dir/build
make[1]: entrant dans le répertoire « /home/sacha/programmation/gluon/examples/kcl/tutorial2/build/CMakeFiles/CMakeTmp »
/usr/bin/cmake -E cmake_progress_report /home/sacha/programmation/gluon/examples/kcl/tutorial2/build/CMakeFiles/CMakeTmp/CMakeFiles 1
Building C object CMakeFiles/cmTryCompileExec.dir/CheckFunctionExists.c.o
/usr/bin/gcc   -DCHECK_FUNCTION_EXISTS=shmat   -o CMakeFiles/cmTryCompileExec.dir/CheckFunctionExists.c.o   -c /usr/share/cmake-2.6/Modules/CheckFunctionExists.c
Linking C executable cmTryCompileExec
/usr/bin/cmake -E cmake_link_script CMakeFiles/cmTryCompileExec.dir/link.txt --verbose=1
/usr/bin/gcc     -DCHECK_FUNCTION_EXISTS=shmat   CMakeFiles/cmTryCompileExec.dir/CheckFunctionExists.c.o  -o cmTryCompileExec -rdynamic 
make[1]: quittant le répertoire « /home/sacha/programmation/gluon/examples/kcl/tutorial2/build/CMakeFiles/CMakeTmp »


Determining if the function IceConnectionNumber exists in the ICE passed with the following output:
Change Dir: /home/sacha/programmation/gluon/examples/kcl/tutorial2/build/CMakeFiles/CMakeTmp

Run Build Command:/usr/bin/make "cmTryCompileExec/fast"
/usr/bin/make -f CMakeFiles/cmTryCompileExec.dir/build.make CMakeFiles/cmTryCompileExec.dir/build
make[1]: entrant dans le répertoire « /home/sacha/programmation/gluon/examples/kcl/tutorial2/build/CMakeFiles/CMakeTmp »
/usr/bin/cmake -E cmake_progress_report /home/sacha/programmation/gluon/examples/kcl/tutorial2/build/CMakeFiles/CMakeTmp/CMakeFiles 1
Building C object CMakeFiles/cmTryCompileExec.dir/CheckFunctionExists.c.o
/usr/bin/gcc   -DCHECK_FUNCTION_EXISTS=IceConnectionNumber   -o CMakeFiles/cmTryCompileExec.dir/CheckFunctionExists.c.o   -c /usr/share/cmake-2.6/Modules/CheckFunctionExists.c
Linking C executable cmTryCompileExec
/usr/bin/cmake -E cmake_link_script CMakeFiles/cmTryCompileExec.dir/link.txt --verbose=1
/usr/bin/gcc     -DCHECK_FUNCTION_EXISTS=IceConnectionNumber   CMakeFiles/cmTryCompileExec.dir/CheckFunctionExists.c.o  -o cmTryCompileExec -rdynamic -lICE 
make[1]: quittant le répertoire « /home/sacha/programmation/gluon/examples/kcl/tutorial2/build/CMakeFiles/CMakeTmp »


Determining if files pthread.h exist passed with the following output:
Change Dir: /home/sacha/programmation/gluon/examples/kcl/tutorial2/build/CMakeFiles/CMakeTmp

Run Build Command:/usr/bin/make "cmTryCompileExec/fast"
/usr/bin/make -f CMakeFiles/cmTryCompileExec.dir/build.make CMakeFiles/cmTryCompileExec.dir/build
make[1]: entrant dans le répertoire « /home/sacha/programmation/gluon/examples/kcl/tutorial2/build/CMakeFiles/CMakeTmp »
/usr/bin/cmake -E cmake_progress_report /home/sacha/programmation/gluon/examples/kcl/tutorial2/build/CMakeFiles/CMakeTmp/CMakeFiles 1
Building C object CMakeFiles/cmTryCompileExec.dir/CheckIncludeFiles.c.o
/usr/bin/gcc    -o CMakeFiles/cmTryCompileExec.dir/CheckIncludeFiles.c.o   -c /home/sacha/programmation/gluon/examples/kcl/tutorial2/build/CMakeFiles/CMakeTmp/CheckIncludeFiles.c
Linking C executable cmTryCompileExec
/usr/bin/cmake -E cmake_link_script CMakeFiles/cmTryCompileExec.dir/link.txt --verbose=1
/usr/bin/gcc        CMakeFiles/cmTryCompileExec.dir/CheckIncludeFiles.c.o  -o cmTryCompileExec -rdynamic 
make[1]: quittant le répertoire « /home/sacha/programmation/gluon/examples/kcl/tutorial2/build/CMakeFiles/CMakeTmp »


Determining if the function pthread_create exists in the pthread passed with the following output:
Change Dir: /home/sacha/programmation/gluon/examples/kcl/tutorial2/build/CMakeFiles/CMakeTmp

Run Build Command:/usr/bin/make "cmTryCompileExec/fast"
/usr/bin/make -f CMakeFiles/cmTryCompileExec.dir/build.make CMakeFiles/cmTryCompileExec.dir/build
make[1]: entrant dans le répertoire « /home/sacha/programmation/gluon/examples/kcl/tutorial2/build/CMakeFiles/CMakeTmp »
/usr/bin/cmake -E cmake_progress_report /home/sacha/programmation/gluon/examples/kcl/tutorial2/build/CMakeFiles/CMakeTmp/CMakeFiles 1
Building C object CMakeFiles/cmTryCompileExec.dir/CheckFunctionExists.c.o
/usr/bin/gcc   -DCHECK_FUNCTION_EXISTS=pthread_create   -o CMakeFiles/cmTryCompileExec.dir/CheckFunctionExists.c.o   -c /usr/share/cmake-2.6/Modules/CheckFunctionExists.c
Linking C executable cmTryCompileExec
/usr/bin/cmake -E cmake_link_script CMakeFiles/cmTryCompileExec.dir/link.txt --verbose=1
/usr/bin/gcc     -DCHECK_FUNCTION_EXISTS=pthread_create   CMakeFiles/cmTryCompileExec.dir/CheckFunctionExists.c.o  -o cmTryCompileExec -rdynamic -lpthread 
make[1]: quittant le répertoire « /home/sacha/programmation/gluon/examples/kcl/tutorial2/build/CMakeFiles/CMakeTmp »


Performing C++ SOURCE FILE Test HAVE_FPIE_SUPPORT succeded with the following output:
Change Dir: /home/sacha/programmation/gluon/examples/kcl/tutorial2/build/CMakeFiles/CMakeTmp

Run Build Command:/usr/bin/make "cmTryCompileExec/fast"
/usr/bin/make -f CMakeFiles/cmTryCompileExec.dir/build.make CMakeFiles/cmTryCompileExec.dir/build
make[1]: entrant dans le répertoire « /home/sacha/programmation/gluon/examples/kcl/tutorial2/build/CMakeFiles/CMakeTmp »
/usr/bin/cmake -E cmake_progress_report /home/sacha/programmation/gluon/examples/kcl/tutorial2/build/CMakeFiles/CMakeTmp/CMakeFiles 1
Building CXX object CMakeFiles/cmTryCompileExec.dir/src.cxx.o
/usr/bin/c++    -Wnon-virtual-dtor -Wno-long-long -ansi -Wundef -Wcast-align -Wchar-subscripts -Wall -W -Wpointer-arith -Wformat-security -fno-exceptions -fno-check-new -fno-common  -DHAVE_FPIE_SUPPORT   -fPIE -o CMakeFiles/cmTryCompileExec.dir/src.cxx.o -c /home/sacha/programmation/gluon/examples/kcl/tutorial2/build/CMakeFiles/CMakeTmp/src.cxx
Linking CXX executable cmTryCompileExec
/usr/bin/cmake -E cmake_link_script CMakeFiles/cmTryCompileExec.dir/link.txt --verbose=1
/usr/bin/c++     -Wnon-virtual-dtor -Wno-long-long -ansi -Wundef -Wcast-align -Wchar-subscripts -Wall -W -Wpointer-arith -Wformat-security -fno-exceptions -fno-check-new -fno-common  -DHAVE_FPIE_SUPPORT   CMakeFiles/cmTryCompileExec.dir/src.cxx.o  -o cmTryCompileExec -rdynamic 
make[1]: quittant le répertoire « /home/sacha/programmation/gluon/examples/kcl/tutorial2/build/CMakeFiles/CMakeTmp »

Source file was:
int main() { return 0;}
Performing C++ SOURCE FILE Test __KDE_HAVE_W_OVERLOADED_VIRTUAL succeded with the following output:
Change Dir: /home/sacha/programmation/gluon/examples/kcl/tutorial2/build/CMakeFiles/CMakeTmp

Run Build Command:/usr/bin/make "cmTryCompileExec/fast"
/usr/bin/make -f CMakeFiles/cmTryCompileExec.dir/build.make CMakeFiles/cmTryCompileExec.dir/build
make[1]: entrant dans le répertoire « /home/sacha/programmation/gluon/examples/kcl/tutorial2/build/CMakeFiles/CMakeTmp »
/usr/bin/cmake -E cmake_progress_report /home/sacha/programmation/gluon/examples/kcl/tutorial2/build/CMakeFiles/CMakeTmp/CMakeFiles 1
Building CXX object CMakeFiles/cmTryCompileExec.dir/src.cxx.o
/usr/bin/c++    -Wnon-virtual-dtor -Wno-long-long -ansi -Wundef -Wcast-align -Wchar-subscripts -Wall -W -Wpointer-arith -Wformat-security -fno-exceptions -fno-check-new -fno-common  -D__KDE_HAVE_W_OVERLOADED_VIRTUAL   -Woverloaded-virtual -o CMakeFiles/cmTryCompileExec.dir/src.cxx.o -c /home/sacha/programmation/gluon/examples/kcl/tutorial2/build/CMakeFiles/CMakeTmp/src.cxx
Linking CXX executable cmTryCompileExec
/usr/bin/cmake -E cmake_link_script CMakeFiles/cmTryCompileExec.dir/link.txt --verbose=1
/usr/bin/c++     -Wnon-virtual-dtor -Wno-long-long -ansi -Wundef -Wcast-align -Wchar-subscripts -Wall -W -Wpointer-arith -Wformat-security -fno-exceptions -fno-check-new -fno-common  -D__KDE_HAVE_W_OVERLOADED_VIRTUAL   CMakeFiles/cmTryCompileExec.dir/src.cxx.o  -o cmTryCompileExec -rdynamic 
make[1]: quittant le répertoire « /home/sacha/programmation/gluon/examples/kcl/tutorial2/build/CMakeFiles/CMakeTmp »

Source file was:
int main() { return 0;}
Performing C++ SOURCE FILE Test __KDE_HAVE_GCC_VISIBILITY succeded with the following output:
Change Dir: /home/sacha/programmation/gluon/examples/kcl/tutorial2/build/CMakeFiles/CMakeTmp

Run Build Command:/usr/bin/make "cmTryCompileExec/fast"
/usr/bin/make -f CMakeFiles/cmTryCompileExec.dir/build.make CMakeFiles/cmTryCompileExec.dir/build
make[1]: entrant dans le répertoire « /home/sacha/programmation/gluon/examples/kcl/tutorial2/build/CMakeFiles/CMakeTmp »
/usr/bin/cmake -E cmake_progress_report /home/sacha/programmation/gluon/examples/kcl/tutorial2/build/CMakeFiles/CMakeTmp/CMakeFiles 1
Building CXX object CMakeFiles/cmTryCompileExec.dir/src.cxx.o
/usr/bin/c++    -Wnon-virtual-dtor -Wno-long-long -ansi -Wundef -Wcast-align -Wchar-subscripts -Wall -W -Wpointer-arith -Wformat-security -fno-exceptions -fno-check-new -fno-common -Woverloaded-virtual  -D__KDE_HAVE_GCC_VISIBILITY   -fvisibility=hidden -o CMakeFiles/cmTryCompileExec.dir/src.cxx.o -c /home/sacha/programmation/gluon/examples/kcl/tutorial2/build/CMakeFiles/CMakeTmp/src.cxx
Linking CXX executable cmTryCompileExec
/usr/bin/cmake -E cmake_link_script CMakeFiles/cmTryCompileExec.dir/link.txt --verbose=1
/usr/bin/c++     -Wnon-virtual-dtor -Wno-long-long -ansi -Wundef -Wcast-align -Wchar-subscripts -Wall -W -Wpointer-arith -Wformat-security -fno-exceptions -fno-check-new -fno-common -Woverloaded-virtual  -D__KDE_HAVE_GCC_VISIBILITY   CMakeFiles/cmTryCompileExec.dir/src.cxx.o  -o cmTryCompileExec -rdynamic 
make[1]: quittant le répertoire « /home/sacha/programmation/gluon/examples/kcl/tutorial2/build/CMakeFiles/CMakeTmp »

Source file was:
int main() { return 0;}
Determining if the function vorbis_bitrate_addblock exists in the vorbis passed with the following output:
Change Dir: /home/sacha/programmation/gluon/examples/kcl/tutorial2/build/CMakeFiles/CMakeTmp

Run Build Command:/usr/bin/make "cmTryCompileExec/fast"
/usr/bin/make -f CMakeFiles/cmTryCompileExec.dir/build.make CMakeFiles/cmTryCompileExec.dir/build
make[1]: entrant dans le répertoire « /home/sacha/programmation/gluon/examples/kcl/tutorial2/build/CMakeFiles/CMakeTmp »
/usr/bin/cmake -E cmake_progress_report /home/sacha/programmation/gluon/examples/kcl/tutorial2/build/CMakeFiles/CMakeTmp/CMakeFiles 1
Building C object CMakeFiles/cmTryCompileExec.dir/CheckFunctionExists.c.o
/usr/bin/gcc   -Wno-long-long -std=iso9899:1990 -Wundef -Wcast-align -Werror-implicit-function-declaration -Wchar-subscripts -Wall -W -Wpointer-arith -Wwrite-strings -Wformat-security -Wmissing-format-attribute -fno-common  -DCHECK_FUNCTION_EXISTS=vorbis_bitrate_addblock   -o CMakeFiles/cmTryCompileExec.dir/CheckFunctionExists.c.o   -c /usr/share/cmake-2.6/Modules/CheckFunctionExists.c
Linking C executable cmTryCompileExec
/usr/bin/cmake -E cmake_link_script CMakeFiles/cmTryCompileExec.dir/link.txt --verbose=1
/usr/bin/gcc    -Wno-long-long -std=iso9899:1990 -Wundef -Wcast-align -Werror-implicit-function-declaration -Wchar-subscripts -Wall -W -Wpointer-arith -Wwrite-strings -Wformat-security -Wmissing-format-attribute -fno-common  -DCHECK_FUNCTION_EXISTS=vorbis_bitrate_addblock   CMakeFiles/cmTryCompileExec.dir/CheckFunctionExists.c.o  -o cmTryCompileExec -rdynamic -lvorbis -logg -lvorbis -lvorbisfile -lvorbisenc 
make[1]: quittant le répertoire « /home/sacha/programmation/gluon/examples/kcl/tutorial2/build/CMakeFiles/CMakeTmp »


